[19:25:51] [main/INFO] [com.velocitypowered.proxy.VelocityServer]: Booting up Velocity 3.4.0-SNAPSHOT (git-e69213f9-b473)...
[19:25:51] [main/INFO] [com.velocitypowered.proxy.VelocityServer]: Loading localizations...
[19:25:51] [main/INFO] [com.velocitypowered.proxy.network.ConnectionManager]: Connections will use NIO channels, Java compression, Java ciphers
[19:25:51] [main/WARN] [com.velocitypowered.proxy.config.VelocityConfiguration]: The proxy is running in offline mode! This is a security risk and you will NOT receive any support!
[19:25:51] [main/INFO] [com.velocitypowered.proxy.config.VelocityConfiguration]: Unable to load your server-icon.png, continuing without it.
java.lang.IllegalArgumentException: Image is not 64x64 (found 115x115)
	at com.google.common.base.Preconditions.checkArgument(Preconditions.java:299) ~[Velocity.jar:3.4.0-SNAPSHOT (git-e69213f9-b473)]
	at com.velocitypowered.api.util.Favicon.create(Favicon.java:82) ~[Velocity.jar:3.4.0-SNAPSHOT (git-e69213f9-b473)]
	at com.velocitypowered.api.util.Favicon.create(Favicon.java:107) ~[Velocity.jar:3.4.0-SNAPSHOT (git-e69213f9-b473)]
	at com.velocitypowered.proxy.config.VelocityConfiguration.loadFavicon(VelocityConfiguration.java:242) ~[Velocity.jar:3.4.0-SNAPSHOT (git-e69213f9-b473)]
	at com.velocitypowered.proxy.config.VelocityConfiguration.validate(VelocityConfiguration.java:233) ~[Velocity.jar:3.4.0-SNAPSHOT (git-e69213f9-b473)]
	at com.velocitypowered.proxy.VelocityServer.doStartupConfigLoad(VelocityServer.java:397) ~[Velocity.jar:3.4.0-SNAPSHOT (git-e69213f9-b473)]
	at com.velocitypowered.proxy.VelocityServer.start(VelocityServer.java:285) ~[Velocity.jar:3.4.0-SNAPSHOT (git-e69213f9-b473)]
	at com.velocitypowered.proxy.Velocity.main(Velocity.java:71) ~[Velocity.jar:3.4.0-SNAPSHOT (git-e69213f9-b473)]
[19:25:51] [main/INFO] [com.velocitypowered.proxy.VelocityServer]: Loading plugins...
[19:25:51] [main/INFO] [com.deathen.fakeproxyadmin.FakeProxyAdminPlugin]: [FakeProxyAdmin] Velocity plugin initialized!
[19:25:51] [main/INFO] [com.deathen.fakeproxyadmin.FakeProxyAdminPlugin]: [FakeProxyAdmin] Admin Auth Key: ZZKHDGH5AIXHVC5V
[19:25:51] [main/INFO] [com.velocitypowered.proxy.plugin.VelocityPluginManager]: Loaded plugin fakeproxyadmin 1.0 by DarkVibeUnknown
[19:25:51] [main/INFO] [com.velocitypowered.proxy.VelocityServer]: Loaded 2 plugins
[19:25:51] [Netty NIO Boss #0/INFO] [com.velocitypowered.proxy.network.ConnectionManager]: Listening on /[0:0:0:0:0:0:0:0]:25564
[19:25:51] [main/INFO] [com.velocitypowered.proxy.Velocity]: Done (0.91s)!
[19:25:52] [Netty NIO Worker #1/INFO] [com.velocitypowered.proxy.connection.client.AuthSessionHandler]: [connected player] LegendlyPenguin (/127.0.0.1:41067) has connected
[19:25:52] [FakeProxyAdmin - Task Executor #0/INFO] [com.deathen.fakeproxyadmin.FakeProxyAdminPlugin]: [FakeProxy] Player joined: LegendlyPenguin (127.0.0.1)
[19:25:55] [Netty NIO Worker #1/ERROR] [com.velocitypowered.proxy.connection.client.ConnectedPlayer]: [connected player] LegendlyPenguin (/127.0.0.1:41067): unable to connect to server lobby
java.net.UnknownHostException: No such host is known (hypixel)
	at java.base/java.net.Inet6AddressImpl.lookupAllHostAddr(Native Method) ~[?:?]
	at java.base/java.net.Inet6AddressImpl.lookupAllHostAddr(Inet6AddressImpl.java:52) ~[?:?]
	at java.base/java.net.InetAddress$PlatformResolver.lookupByName(InetAddress.java:1211) ~[?:?]
	at java.base/java.net.InetAddress.getAddressesFromNameService(InetAddress.java:1828) ~[?:?]
	at java.base/java.net.InetAddress$NameServiceAddresses.get(InetAddress.java:1139) ~[?:?]
	at java.base/java.net.InetAddress.getAllByName0(InetAddress.java:1818) ~[?:?]
	at java.base/java.net.InetAddress.getAllByName(InetAddress.java:1688) ~[?:?]
	at java.base/java.net.InetAddress.getByName(InetAddress.java:1568) ~[?:?]
	at io.netty.util.internal.SocketUtils$8.run(SocketUtils.java:156) ~[Velocity.jar:3.4.0-SNAPSHOT (git-e69213f9-b473)]
	at io.netty.util.internal.SocketUtils$8.run(SocketUtils.java:153) ~[Velocity.jar:3.4.0-SNAPSHOT (git-e69213f9-b473)]
	at java.base/java.security.AccessController.doPrivileged(AccessController.java:571) ~[?:?]
	at io.netty.util.internal.SocketUtils.addressByName(SocketUtils.java:153) ~[Velocity.jar:3.4.0-SNAPSHOT (git-e69213f9-b473)]
	at io.netty.resolver.DefaultNameResolver.doResolve(DefaultNameResolver.java:41) ~[Velocity.jar:3.4.0-SNAPSHOT (git-e69213f9-b473)]
	at io.netty.resolver.SimpleNameResolver.resolve(SimpleNameResolver.java:61) ~[Velocity.jar:3.4.0-SNAPSHOT (git-e69213f9-b473)]
	at com.velocitypowered.proxy.network.netty.SeparatePoolInetNameResolver.lambda$doResolve$1(SeparatePoolInetNameResolver.java:85) ~[Velocity.jar:3.4.0-SNAPSHOT (git-e69213f9-b473)]
	at java.base/java.util.concurrent.ThreadPoolExecutor.runWorker(ThreadPoolExecutor.java:1144) ~[?:?]
	at java.base/java.util.concurrent.ThreadPoolExecutor$Worker.run(ThreadPoolExecutor.java:642) ~[?:?]
	at java.base/java.lang.Thread.run(Thread.java:1583) [?:?]
[19:25:55] [Netty NIO Worker #1/INFO] [com.velocitypowered.proxy.connection.client.ConnectedPlayer]: [connected player] LegendlyPenguin (/127.0.0.1:41067) has disconnected: Unable to connect you to lobby. Please try again later.
[19:26:10] [Shutdown thread/INFO] [com.velocitypowered.proxy.VelocityServer]: Shutting down the proxy...
